2025-05-23 04:56:04.376 [restartedMain] INFO  c.m.training.TrainingApplication - Starting TrainingApplication using Java 17.0.14 with PID 20132 (D:\training\target\classes started by dolga in D:\training)
2025-05-23 04:56:04.383 [restartedMain] INFO  c.m.training.TrainingApplication - No active profile set, falling back to 1 default profile: "default"
2025-05-23 04:56:04.440 [restartedMain] INFO  o.s.b.d.e.DevToolsPropertyDefaultsPostProcessor - Devtools property defaults active! Set 'spring.devtools.add-properties' to 'false' to disable
2025-05-23 04:56:04.441 [restartedMain] INFO  o.s.b.d.e.DevToolsPropertyDefaultsPostProcessor - For additional web related logging consider setting the 'logging.level.web' property to 'DEBUG'
2025-05-23 04:56:05.600 [restartedMain] INFO  o.s.d.r.c.RepositoryConfigurationDelegate - Bootstrapping Spring Data JPA repositories in DEFAULT mode.
2025-05-23 04:56:05.715 [restartedMain] INFO  o.s.d.r.c.RepositoryConfigurationDelegate - Finished Spring Data repository scanning in 105 ms. Found 19 JPA repository interfaces.
2025-05-23 04:56:06.553 [restartedMain] INFO  o.s.b.w.e.tomcat.TomcatWebServer - Tomcat initialized with port 8080 (http)
2025-05-23 04:56:06.569 [restartedMain] INFO  o.a.catalina.core.StandardService - Starting service [Tomcat]
2025-05-23 04:56:06.569 [restartedMain] INFO  o.a.catalina.core.StandardEngine - Starting Servlet engine: [Apache Tomcat/10.1.34]
2025-05-23 04:56:06.633 [restartedMain] INFO  o.a.c.c.C.[Tomcat].[localhost].[/] - Initializing Spring embedded WebApplicationContext
2025-05-23 04:56:06.634 [restartedMain] INFO  o.s.b.w.s.c.ServletWebServerApplicationContext - Root WebApplicationContext: initialization completed in 2192 ms
2025-05-23 04:56:06.808 [restartedMain] INFO  o.h.jpa.internal.util.LogHelper - HHH000204: Processing PersistenceUnitInfo [name: default]
2025-05-23 04:56:06.886 [restartedMain] INFO  org.hibernate.Version - HHH000412: Hibernate ORM core version 6.6.5.Final
2025-05-23 04:56:06.927 [restartedMain] INFO  o.h.c.i.RegionFactoryInitiator - HHH000026: Second-level cache disabled
2025-05-23 04:56:07.271 [restartedMain] INFO  o.s.o.j.p.SpringPersistenceUnitInfo - No LoadTimeWeaver setup: ignoring JPA class transformer
2025-05-23 04:56:07.312 [restartedMain] INFO  com.zaxxer.hikari.HikariDataSource - HikariPool-1 - Starting...
2025-05-23 04:56:07.513 [restartedMain] INFO  com.zaxxer.hikari.pool.HikariPool - HikariPool-1 - Added connection org.postgresql.jdbc.PgConnection@799da43c
2025-05-23 04:56:07.515 [restartedMain] INFO  com.zaxxer.hikari.HikariDataSource - HikariPool-1 - Start completed.
2025-05-23 04:56:07.566 [restartedMain] WARN  org.hibernate.orm.deprecation - HHH90000025: PostgreSQLDialect does not need to be specified explicitly using 'hibernate.dialect' (remove the property setting and it will be selected by default)
2025-05-23 04:56:07.586 [restartedMain] INFO  o.hibernate.orm.connections.pooling - HHH10001005: Database info:
	Database JDBC URL [Connecting through datasource 'HikariDataSource (HikariPool-1)']
	Database driver: undefined/unknown
	Database version: 17.2
	Autocommit mode: undefined/unknown
	Isolation level: undefined/unknown
	Minimum pool size: undefined/unknown
	Maximum pool size: undefined/unknown
2025-05-23 04:56:09.045 [restartedMain] INFO  o.h.e.t.j.p.i.JtaPlatformInitiator - HHH000489: No JTA platform available (set 'hibernate.transaction.jta.platform' to enable JTA platform integration)
2025-05-23 04:56:10.310 [restartedMain] INFO  o.s.o.j.LocalContainerEntityManagerFactoryBean - Initialized JPA EntityManagerFactory for persistence unit 'default'
2025-05-23 04:56:10.751 [restartedMain] INFO  o.s.d.j.r.query.QueryEnhancerFactory - Hibernate is in classpath; If applicable, HQL parser will be used.
2025-05-23 04:56:11.531 [restartedMain] INFO  o.s.s.c.a.a.c.InitializeAuthenticationProviderBeanManagerConfigurer$InitializeAuthenticationProviderManagerConfigurer - Global AuthenticationManager configured with AuthenticationProvider bean with name authenticationProvider
2025-05-23 04:56:11.532 [restartedMain] WARN  o.s.s.c.a.a.c.InitializeUserDetailsBeanManagerConfigurer$InitializeUserDetailsManagerConfigurer - Global AuthenticationManager configured with an AuthenticationProvider bean. UserDetailsService beans will not be used by Spring Security for automatically configuring username/password login. Consider removing the AuthenticationProvider bean. Alternatively, consider using the UserDetailsService in a manually instantiated DaoAuthenticationProvider. If the current configuration is intentional, to turn off this warning, increase the logging level of 'org.springframework.security.config.annotation.authentication.configuration.InitializeUserDetailsBeanManagerConfigurer' to ERROR
2025-05-23 04:56:11.913 [restartedMain] INFO  o.s.b.a.w.s.WelcomePageHandlerMapping - Adding welcome page template: index
2025-05-23 04:56:12.509 [restartedMain] INFO  o.s.b.d.a.OptionalLiveReloadServer - LiveReload server is running on port 35729
2025-05-23 04:56:12.549 [restartedMain] INFO  o.s.b.w.e.tomcat.TomcatWebServer - Tomcat started on port 8080 (http) with context path '/'
2025-05-23 04:56:12.559 [restartedMain] INFO  c.m.training.TrainingApplication - Started TrainingApplication in 8.876 seconds (process running for 9.84)
2025-05-23 04:56:13.474 [http-nio-0.0.0.0-8080-exec-1] INFO  o.a.c.c.C.[Tomcat].[localhost].[/] - Initializing Spring DispatcherServlet 'dispatcherServlet'
2025-05-23 04:56:13.474 [http-nio-0.0.0.0-8080-exec-1] INFO  o.s.web.servlet.DispatcherServlet - Initializing Servlet 'dispatcherServlet'
2025-05-23 04:56:13.480 [http-nio-0.0.0.0-8080-exec-1] INFO  o.s.web.servlet.DispatcherServlet - Completed initialization in 5 ms
2025-05-23 04:56:15.025 [http-nio-0.0.0.0-8080-exec-9] INFO  o.s.api.AbstractOpenApiResource - Init duration for springdoc-openapi is: 749 ms
2025-05-23 04:59:43.132 [http-nio-0.0.0.0-8080-exec-6] WARN  o.s.w.s.m.m.a.ExceptionHandlerExceptionResolver - Resolved [org.springframework.security.authorization.AuthorizationDeniedException: Access Denied]
2025-05-23 04:59:45.170 [http-nio-0.0.0.0-8080-exec-8] WARN  o.s.w.s.m.m.a.ExceptionHandlerExceptionResolver - Resolved [org.springframework.security.authorization.AuthorizationDeniedException: Access Denied]
2025-05-23 04:59:52.753 [http-nio-0.0.0.0-8080-exec-7] WARN  o.s.w.s.m.m.a.ExceptionHandlerExceptionResolver - Resolved [org.springframework.security.authorization.AuthorizationDeniedException: Access Denied]
2025-05-23 04:59:56.619 [http-nio-0.0.0.0-8080-exec-9] WARN  o.s.w.s.m.m.a.ExceptionHandlerExceptionResolver - Resolved [org.springframework.security.authorization.AuthorizationDeniedException: Access Denied]
2025-05-23 05:00:02.303 [http-nio-0.0.0.0-8080-exec-1] INFO  c.m.t.controllers.CoursesController - Запрос страницы редактирования курса. ID курса: 19beffc7-6f71-43aa-9947-12f5a708e232
2025-05-23 05:00:02.304 [http-nio-0.0.0.0-8080-exec-1] INFO  c.m.training.service.CoursesService - Запрос данных для редактирования курса ID: 19beffc7-6f71-43aa-9947-12f5a708e232
2025-05-23 05:00:38.153 [http-nio-0.0.0.0-8080-exec-3] INFO  c.m.t.controllers.CoursesController - Запрос на получение модулей курса. Course ID: 19beffc7-6f71-43aa-9947-12f5a708e232, User ID: 47c99e5e-9933-4c6f-909d-fbc56174d0e7
2025-05-23 05:00:38.154 [http-nio-0.0.0.0-8080-exec-3] INFO  c.m.t.controllers.CoursesController - Начало получения модулей курса. Course ID: 19beffc7-6f71-43aa-9947-12f5a708e232, User ID: 47c99e5e-9933-4c6f-909d-fbc56174d0e7
2025-05-23 05:00:38.190 [http-nio-0.0.0.0-8080-exec-3] INFO  c.m.t.controllers.CoursesController - Модули курса успешно получены. Course ID: 19beffc7-6f71-43aa-9947-12f5a708e232, User ID: 47c99e5e-9933-4c6f-909d-fbc56174d0e7
2025-05-23 05:01:38.324 [http-nio-0.0.0.0-8080-exec-2] INFO  c.m.t.controllers.CoursesController - Запрос на получение модуля. Module ID: ffd0a23c-56ae-4de0-ac83-c55892b676c6, Course ID: 19beffc7-6f71-43aa-9947-12f5a708e232, User ID: 47c99e5e-9933-4c6f-909d-fbc56174d0e7
2025-05-23 05:03:07.550 [SpringApplicationShutdownHook] INFO  o.s.b.w.e.tomcat.GracefulShutdown - Commencing graceful shutdown. Waiting for active requests to complete
2025-05-23 05:03:07.710 [tomcat-shutdown] INFO  o.s.b.w.e.tomcat.GracefulShutdown - Graceful shutdown complete
2025-05-23 05:03:07.717 [SpringApplicationShutdownHook] INFO  o.s.o.j.LocalContainerEntityManagerFactoryBean - Closing JPA EntityManagerFactory for persistence unit 'default'
2025-05-23 05:03:07.719 [SpringApplicationShutdownHook] INFO  com.zaxxer.hikari.HikariDataSource - HikariPool-1 - Shutdown initiated...
2025-05-23 05:03:07.722 [SpringApplicationShutdownHook] INFO  com.zaxxer.hikari.HikariDataSource - HikariPool-1 - Shutdown completed.
2025-05-23 05:03:11.825 [restartedMain] INFO  c.m.training.TrainingApplication - Starting TrainingApplication using Java 17.0.14 with PID 17440 (D:\training\target\classes started by dolga in D:\training)
2025-05-23 05:03:11.828 [restartedMain] INFO  c.m.training.TrainingApplication - No active profile set, falling back to 1 default profile: "default"
2025-05-23 05:03:11.871 [restartedMain] INFO  o.s.b.d.e.DevToolsPropertyDefaultsPostProcessor - Devtools property defaults active! Set 'spring.devtools.add-properties' to 'false' to disable
2025-05-23 05:03:11.871 [restartedMain] INFO  o.s.b.d.e.DevToolsPropertyDefaultsPostProcessor - For additional web related logging consider setting the 'logging.level.web' property to 'DEBUG'
2025-05-23 05:03:12.773 [restartedMain] INFO  o.s.d.r.c.RepositoryConfigurationDelegate - Bootstrapping Spring Data JPA repositories in DEFAULT mode.
2025-05-23 05:03:12.866 [restartedMain] INFO  o.s.d.r.c.RepositoryConfigurationDelegate - Finished Spring Data repository scanning in 84 ms. Found 19 JPA repository interfaces.
2025-05-23 05:03:13.586 [restartedMain] INFO  o.s.b.w.e.tomcat.TomcatWebServer - Tomcat initialized with port 8080 (http)
2025-05-23 05:03:13.598 [restartedMain] INFO  o.a.catalina.core.StandardService - Starting service [Tomcat]
2025-05-23 05:03:13.599 [restartedMain] INFO  o.a.catalina.core.StandardEngine - Starting Servlet engine: [Apache Tomcat/10.1.34]
2025-05-23 05:03:13.655 [restartedMain] INFO  o.a.c.c.C.[Tomcat].[localhost].[/] - Initializing Spring embedded WebApplicationContext
2025-05-23 05:03:13.655 [restartedMain] INFO  o.s.b.w.s.c.ServletWebServerApplicationContext - Root WebApplicationContext: initialization completed in 1783 ms
2025-05-23 05:03:13.801 [restartedMain] INFO  o.h.jpa.internal.util.LogHelper - HHH000204: Processing PersistenceUnitInfo [name: default]
2025-05-23 05:03:13.851 [restartedMain] INFO  org.hibernate.Version - HHH000412: Hibernate ORM core version 6.6.5.Final
2025-05-23 05:03:13.883 [restartedMain] INFO  o.h.c.i.RegionFactoryInitiator - HHH000026: Second-level cache disabled
2025-05-23 05:03:14.118 [restartedMain] INFO  o.s.o.j.p.SpringPersistenceUnitInfo - No LoadTimeWeaver setup: ignoring JPA class transformer
2025-05-23 05:03:14.145 [restartedMain] INFO  com.zaxxer.hikari.HikariDataSource - HikariPool-1 - Starting...
2025-05-23 05:03:14.301 [restartedMain] INFO  com.zaxxer.hikari.pool.HikariPool - HikariPool-1 - Added connection org.postgresql.jdbc.PgConnection@105c45f9
2025-05-23 05:03:14.303 [restartedMain] INFO  com.zaxxer.hikari.HikariDataSource - HikariPool-1 - Start completed.
2025-05-23 05:03:14.336 [restartedMain] WARN  org.hibernate.orm.deprecation - HHH90000025: PostgreSQLDialect does not need to be specified explicitly using 'hibernate.dialect' (remove the property setting and it will be selected by default)
2025-05-23 05:03:14.356 [restartedMain] INFO  o.hibernate.orm.connections.pooling - HHH10001005: Database info:
	Database JDBC URL [Connecting through datasource 'HikariDataSource (HikariPool-1)']
	Database driver: undefined/unknown
	Database version: 17.2
	Autocommit mode: undefined/unknown
	Isolation level: undefined/unknown
	Minimum pool size: undefined/unknown
	Maximum pool size: undefined/unknown
2025-05-23 05:03:15.667 [restartedMain] INFO  o.h.e.t.j.p.i.JtaPlatformInitiator - HHH000489: No JTA platform available (set 'hibernate.transaction.jta.platform' to enable JTA platform integration)
2025-05-23 05:03:16.902 [restartedMain] INFO  o.s.o.j.LocalContainerEntityManagerFactoryBean - Initialized JPA EntityManagerFactory for persistence unit 'default'
2025-05-23 05:03:17.316 [restartedMain] INFO  o.s.d.j.r.query.QueryEnhancerFactory - Hibernate is in classpath; If applicable, HQL parser will be used.
2025-05-23 05:03:18.076 [restartedMain] INFO  o.s.s.c.a.a.c.InitializeAuthenticationProviderBeanManagerConfigurer$InitializeAuthenticationProviderManagerConfigurer - Global AuthenticationManager configured with AuthenticationProvider bean with name authenticationProvider
2025-05-23 05:03:18.077 [restartedMain] WARN  o.s.s.c.a.a.c.InitializeUserDetailsBeanManagerConfigurer$InitializeUserDetailsManagerConfigurer - Global AuthenticationManager configured with an AuthenticationProvider bean. UserDetailsService beans will not be used by Spring Security for automatically configuring username/password login. Consider removing the AuthenticationProvider bean. Alternatively, consider using the UserDetailsService in a manually instantiated DaoAuthenticationProvider. If the current configuration is intentional, to turn off this warning, increase the logging level of 'org.springframework.security.config.annotation.authentication.configuration.InitializeUserDetailsBeanManagerConfigurer' to ERROR
2025-05-23 05:03:18.442 [restartedMain] INFO  o.s.b.a.w.s.WelcomePageHandlerMapping - Adding welcome page template: index
2025-05-23 05:03:18.995 [restartedMain] INFO  o.s.b.d.a.OptionalLiveReloadServer - LiveReload server is running on port 35729
2025-05-23 05:03:19.034 [restartedMain] INFO  o.s.b.w.e.tomcat.TomcatWebServer - Tomcat started on port 8080 (http) with context path '/'
2025-05-23 05:03:19.044 [restartedMain] INFO  c.m.training.TrainingApplication - Started TrainingApplication in 7.813 seconds (process running for 8.453)
2025-05-23 05:06:21.007 [SpringApplicationShutdownHook] INFO  o.s.b.w.e.tomcat.GracefulShutdown - Commencing graceful shutdown. Waiting for active requests to complete
2025-05-23 05:06:21.161 [tomcat-shutdown] INFO  o.s.b.w.e.tomcat.GracefulShutdown - Graceful shutdown complete
2025-05-23 05:06:21.168 [SpringApplicationShutdownHook] INFO  o.s.o.j.LocalContainerEntityManagerFactoryBean - Closing JPA EntityManagerFactory for persistence unit 'default'
2025-05-23 05:06:21.171 [SpringApplicationShutdownHook] INFO  com.zaxxer.hikari.HikariDataSource - HikariPool-1 - Shutdown initiated...
2025-05-23 05:06:21.174 [SpringApplicationShutdownHook] INFO  com.zaxxer.hikari.HikariDataSource - HikariPool-1 - Shutdown completed.
2025-05-23 05:09:04.485 [restartedMain] INFO  c.m.training.TrainingApplication - Starting TrainingApplication using Java 17.0.14 with PID 24492 (D:\training\target\classes started by dolga in D:\training)
2025-05-23 05:09:04.487 [restartedMain] INFO  c.m.training.TrainingApplication - No active profile set, falling back to 1 default profile: "default"
2025-05-23 05:09:04.527 [restartedMain] INFO  o.s.b.d.e.DevToolsPropertyDefaultsPostProcessor - Devtools property defaults active! Set 'spring.devtools.add-properties' to 'false' to disable
2025-05-23 05:09:04.528 [restartedMain] INFO  o.s.b.d.e.DevToolsPropertyDefaultsPostProcessor - For additional web related logging consider setting the 'logging.level.web' property to 'DEBUG'
2025-05-23 05:09:05.391 [restartedMain] INFO  o.s.d.r.c.RepositoryConfigurationDelegate - Bootstrapping Spring Data JPA repositories in DEFAULT mode.
2025-05-23 05:09:05.479 [restartedMain] INFO  o.s.d.r.c.RepositoryConfigurationDelegate - Finished Spring Data repository scanning in 79 ms. Found 19 JPA repository interfaces.
2025-05-23 05:09:06.119 [restartedMain] INFO  o.s.b.w.e.tomcat.TomcatWebServer - Tomcat initialized with port 8080 (http)
2025-05-23 05:09:06.131 [restartedMain] INFO  o.a.catalina.core.StandardService - Starting service [Tomcat]
2025-05-23 05:09:06.131 [restartedMain] INFO  o.a.catalina.core.StandardEngine - Starting Servlet engine: [Apache Tomcat/10.1.34]
2025-05-23 05:09:06.185 [restartedMain] INFO  o.a.c.c.C.[Tomcat].[localhost].[/] - Initializing Spring embedded WebApplicationContext
2025-05-23 05:09:06.185 [restartedMain] INFO  o.s.b.w.s.c.ServletWebServerApplicationContext - Root WebApplicationContext: initialization completed in 1657 ms
2025-05-23 05:09:06.316 [restartedMain] INFO  o.h.jpa.internal.util.LogHelper - HHH000204: Processing PersistenceUnitInfo [name: default]
2025-05-23 05:09:06.373 [restartedMain] INFO  org.hibernate.Version - HHH000412: Hibernate ORM core version 6.6.5.Final
2025-05-23 05:09:06.417 [restartedMain] INFO  o.h.c.i.RegionFactoryInitiator - HHH000026: Second-level cache disabled
2025-05-23 05:09:06.718 [restartedMain] INFO  o.s.o.j.p.SpringPersistenceUnitInfo - No LoadTimeWeaver setup: ignoring JPA class transformer
2025-05-23 05:09:06.765 [restartedMain] INFO  com.zaxxer.hikari.HikariDataSource - HikariPool-1 - Starting...
2025-05-23 05:09:07.139 [restartedMain] INFO  com.zaxxer.hikari.pool.HikariPool - HikariPool-1 - Added connection org.postgresql.jdbc.PgConnection@1c4d2b3f
2025-05-23 05:09:07.142 [restartedMain] INFO  com.zaxxer.hikari.HikariDataSource - HikariPool-1 - Start completed.
2025-05-23 05:09:07.183 [restartedMain] WARN  org.hibernate.orm.deprecation - HHH90000025: PostgreSQLDialect does not need to be specified explicitly using 'hibernate.dialect' (remove the property setting and it will be selected by default)
2025-05-23 05:09:07.209 [restartedMain] INFO  o.hibernate.orm.connections.pooling - HHH10001005: Database info:
	Database JDBC URL [Connecting through datasource 'HikariDataSource (HikariPool-1)']
	Database driver: undefined/unknown
	Database version: 17.2
	Autocommit mode: undefined/unknown
	Isolation level: undefined/unknown
	Minimum pool size: undefined/unknown
	Maximum pool size: undefined/unknown
2025-05-23 05:09:08.511 [restartedMain] INFO  o.h.e.t.j.p.i.JtaPlatformInitiator - HHH000489: No JTA platform available (set 'hibernate.transaction.jta.platform' to enable JTA platform integration)
2025-05-23 05:09:09.722 [restartedMain] INFO  o.s.o.j.LocalContainerEntityManagerFactoryBean - Initialized JPA EntityManagerFactory for persistence unit 'default'
2025-05-23 05:09:10.098 [restartedMain] INFO  o.s.d.j.r.query.QueryEnhancerFactory - Hibernate is in classpath; If applicable, HQL parser will be used.
2025-05-23 05:09:10.810 [restartedMain] INFO  o.s.s.c.a.a.c.InitializeAuthenticationProviderBeanManagerConfigurer$InitializeAuthenticationProviderManagerConfigurer - Global AuthenticationManager configured with AuthenticationProvider bean with name authenticationProvider
2025-05-23 05:09:10.811 [restartedMain] WARN  o.s.s.c.a.a.c.InitializeUserDetailsBeanManagerConfigurer$InitializeUserDetailsManagerConfigurer - Global AuthenticationManager configured with an AuthenticationProvider bean. UserDetailsService beans will not be used by Spring Security for automatically configuring username/password login. Consider removing the AuthenticationProvider bean. Alternatively, consider using the UserDetailsService in a manually instantiated DaoAuthenticationProvider. If the current configuration is intentional, to turn off this warning, increase the logging level of 'org.springframework.security.config.annotation.authentication.configuration.InitializeUserDetailsBeanManagerConfigurer' to ERROR
2025-05-23 05:09:11.154 [restartedMain] INFO  o.s.b.a.w.s.WelcomePageHandlerMapping - Adding welcome page template: index
2025-05-23 05:09:11.753 [restartedMain] INFO  o.s.b.d.a.OptionalLiveReloadServer - LiveReload server is running on port 35729
2025-05-23 05:09:11.801 [restartedMain] INFO  o.s.b.w.e.tomcat.TomcatWebServer - Tomcat started on port 8080 (http) with context path '/'
2025-05-23 05:09:11.811 [restartedMain] INFO  c.m.training.TrainingApplication - Started TrainingApplication in 7.858 seconds (process running for 8.461)
2025-05-23 05:09:32.744 [http-nio-0.0.0.0-8080-exec-1] INFO  o.a.c.c.C.[Tomcat].[localhost].[/] - Initializing Spring DispatcherServlet 'dispatcherServlet'
2025-05-23 05:09:32.744 [http-nio-0.0.0.0-8080-exec-1] INFO  o.s.web.servlet.DispatcherServlet - Initializing Servlet 'dispatcherServlet'
2025-05-23 05:09:32.747 [http-nio-0.0.0.0-8080-exec-1] INFO  o.s.web.servlet.DispatcherServlet - Completed initialization in 2 ms
2025-05-23 05:09:32.999 [http-nio-0.0.0.0-8080-exec-1] INFO  c.m.t.controllers.CoursesController - Запрос страницы редактирования курса. ID курса: 19beffc7-6f71-43aa-9947-12f5a708e232
2025-05-23 05:09:33.000 [http-nio-0.0.0.0-8080-exec-1] INFO  c.m.training.service.CoursesService - Запрос данных для редактирования курса ID: 19beffc7-6f71-43aa-9947-12f5a708e232
2025-05-23 05:20:45.678 [SpringApplicationShutdownHook] INFO  o.s.b.w.e.tomcat.GracefulShutdown - Commencing graceful shutdown. Waiting for active requests to complete
2025-05-23 05:20:45.842 [tomcat-shutdown] INFO  o.s.b.w.e.tomcat.GracefulShutdown - Graceful shutdown complete
2025-05-23 05:20:45.849 [SpringApplicationShutdownHook] INFO  o.s.o.j.LocalContainerEntityManagerFactoryBean - Closing JPA EntityManagerFactory for persistence unit 'default'
2025-05-23 05:20:45.853 [SpringApplicationShutdownHook] INFO  com.zaxxer.hikari.HikariDataSource - HikariPool-1 - Shutdown initiated...
2025-05-23 05:20:45.855 [SpringApplicationShutdownHook] INFO  com.zaxxer.hikari.HikariDataSource - HikariPool-1 - Shutdown completed.
2025-05-23 05:20:51.098 [restartedMain] INFO  c.m.training.TrainingApplication - Starting TrainingApplication using Java 17.0.14 with PID 16636 (D:\training\target\classes started by dolga in D:\training)
2025-05-23 05:20:51.101 [restartedMain] INFO  c.m.training.TrainingApplication - No active profile set, falling back to 1 default profile: "default"
2025-05-23 05:20:51.147 [restartedMain] INFO  o.s.b.d.e.DevToolsPropertyDefaultsPostProcessor - Devtools property defaults active! Set 'spring.devtools.add-properties' to 'false' to disable
2025-05-23 05:20:51.147 [restartedMain] INFO  o.s.b.d.e.DevToolsPropertyDefaultsPostProcessor - For additional web related logging consider setting the 'logging.level.web' property to 'DEBUG'
2025-05-23 05:20:52.066 [restartedMain] INFO  o.s.d.r.c.RepositoryConfigurationDelegate - Bootstrapping Spring Data JPA repositories in DEFAULT mode.
2025-05-23 05:20:52.164 [restartedMain] INFO  o.s.d.r.c.RepositoryConfigurationDelegate - Finished Spring Data repository scanning in 89 ms. Found 19 JPA repository interfaces.
2025-05-23 05:20:52.851 [restartedMain] INFO  o.s.b.w.e.tomcat.TomcatWebServer - Tomcat initialized with port 8080 (http)
2025-05-23 05:20:52.865 [restartedMain] INFO  o.a.catalina.core.StandardService - Starting service [Tomcat]
2025-05-23 05:20:52.866 [restartedMain] INFO  o.a.catalina.core.StandardEngine - Starting Servlet engine: [Apache Tomcat/10.1.34]
2025-05-23 05:20:52.925 [restartedMain] INFO  o.a.c.c.C.[Tomcat].[localhost].[/] - Initializing Spring embedded WebApplicationContext
2025-05-23 05:20:52.925 [restartedMain] INFO  o.s.b.w.s.c.ServletWebServerApplicationContext - Root WebApplicationContext: initialization completed in 1778 ms
2025-05-23 05:20:53.078 [restartedMain] INFO  o.h.jpa.internal.util.LogHelper - HHH000204: Processing PersistenceUnitInfo [name: default]
2025-05-23 05:20:53.147 [restartedMain] INFO  org.hibernate.Version - HHH000412: Hibernate ORM core version 6.6.5.Final
2025-05-23 05:20:53.183 [restartedMain] INFO  o.h.c.i.RegionFactoryInitiator - HHH000026: Second-level cache disabled
2025-05-23 05:20:53.459 [restartedMain] INFO  o.s.o.j.p.SpringPersistenceUnitInfo - No LoadTimeWeaver setup: ignoring JPA class transformer
2025-05-23 05:20:53.492 [restartedMain] INFO  com.zaxxer.hikari.HikariDataSource - HikariPool-1 - Starting...
2025-05-23 05:20:53.651 [restartedMain] INFO  com.zaxxer.hikari.pool.HikariPool - HikariPool-1 - Added connection org.postgresql.jdbc.PgConnection@1500b691
2025-05-23 05:20:53.652 [restartedMain] INFO  com.zaxxer.hikari.HikariDataSource - HikariPool-1 - Start completed.
2025-05-23 05:20:53.698 [restartedMain] WARN  org.hibernate.orm.deprecation - HHH90000025: PostgreSQLDialect does not need to be specified explicitly using 'hibernate.dialect' (remove the property setting and it will be selected by default)
2025-05-23 05:20:53.720 [restartedMain] INFO  o.hibernate.orm.connections.pooling - HHH10001005: Database info:
	Database JDBC URL [Connecting through datasource 'HikariDataSource (HikariPool-1)']
	Database driver: undefined/unknown
	Database version: 17.2
	Autocommit mode: undefined/unknown
	Isolation level: undefined/unknown
	Minimum pool size: undefined/unknown
	Maximum pool size: undefined/unknown
2025-05-23 05:20:55.015 [restartedMain] INFO  o.h.e.t.j.p.i.JtaPlatformInitiator - HHH000489: No JTA platform available (set 'hibernate.transaction.jta.platform' to enable JTA platform integration)
2025-05-23 05:20:56.348 [restartedMain] INFO  o.s.o.j.LocalContainerEntityManagerFactoryBean - Initialized JPA EntityManagerFactory for persistence unit 'default'
2025-05-23 05:20:56.787 [restartedMain] INFO  o.s.d.j.r.query.QueryEnhancerFactory - Hibernate is in classpath; If applicable, HQL parser will be used.
2025-05-23 05:20:57.519 [restartedMain] INFO  o.s.s.c.a.a.c.InitializeAuthenticationProviderBeanManagerConfigurer$InitializeAuthenticationProviderManagerConfigurer - Global AuthenticationManager configured with AuthenticationProvider bean with name authenticationProvider
2025-05-23 05:20:57.520 [restartedMain] WARN  o.s.s.c.a.a.c.InitializeUserDetailsBeanManagerConfigurer$InitializeUserDetailsManagerConfigurer - Global AuthenticationManager configured with an AuthenticationProvider bean. UserDetailsService beans will not be used by Spring Security for automatically configuring username/password login. Consider removing the AuthenticationProvider bean. Alternatively, consider using the UserDetailsService in a manually instantiated DaoAuthenticationProvider. If the current configuration is intentional, to turn off this warning, increase the logging level of 'org.springframework.security.config.annotation.authentication.configuration.InitializeUserDetailsBeanManagerConfigurer' to ERROR
2025-05-23 05:20:57.857 [restartedMain] INFO  o.s.b.a.w.s.WelcomePageHandlerMapping - Adding welcome page template: index
2025-05-23 05:20:58.447 [restartedMain] INFO  o.s.b.d.a.OptionalLiveReloadServer - LiveReload server is running on port 35729
2025-05-23 05:20:58.490 [restartedMain] INFO  o.s.b.w.e.tomcat.TomcatWebServer - Tomcat started on port 8080 (http) with context path '/'
2025-05-23 05:20:58.500 [restartedMain] INFO  c.m.training.TrainingApplication - Started TrainingApplication in 8.029 seconds (process running for 8.722)
2025-05-23 05:21:19.924 [http-nio-0.0.0.0-8080-exec-1] INFO  o.a.c.c.C.[Tomcat].[localhost].[/] - Initializing Spring DispatcherServlet 'dispatcherServlet'
2025-05-23 05:21:19.924 [http-nio-0.0.0.0-8080-exec-1] INFO  o.s.web.servlet.DispatcherServlet - Initializing Servlet 'dispatcherServlet'
2025-05-23 05:21:19.926 [http-nio-0.0.0.0-8080-exec-1] INFO  o.s.web.servlet.DispatcherServlet - Completed initialization in 2 ms
2025-05-23 05:21:20.161 [http-nio-0.0.0.0-8080-exec-1] INFO  c.m.t.controllers.GroupController - Получен список всех групп
2025-05-23 05:21:20.162 [http-nio-0.0.0.0-8080-exec-1] INFO  c.m.training.service.GroupService - Получен список всех групп
2025-05-23 05:21:20.179 [http-nio-0.0.0.0-8080-exec-1] INFO  c.m.training.service.GroupService - Найдено 0 групп
2025-05-23 05:21:39.964 [http-nio-0.0.0.0-8080-exec-2] INFO  c.m.t.controllers.GroupController - Получен список всех групп
2025-05-23 05:21:39.964 [http-nio-0.0.0.0-8080-exec-2] INFO  c.m.training.service.GroupService - Получен список всех групп
2025-05-23 05:21:39.968 [http-nio-0.0.0.0-8080-exec-2] INFO  c.m.training.service.GroupService - Найдено 0 групп
2025-05-23 05:21:53.650 [http-nio-0.0.0.0-8080-exec-3] INFO  c.m.t.controllers.GroupController - Получен список всех групп
2025-05-23 05:21:53.650 [http-nio-0.0.0.0-8080-exec-3] INFO  c.m.training.service.GroupService - Получен список всех групп
2025-05-23 05:21:53.663 [http-nio-0.0.0.0-8080-exec-3] INFO  c.m.training.service.GroupService - Найдено 1 групп
2025-05-23 05:32:46.252 [SpringApplicationShutdownHook] INFO  o.s.b.w.e.tomcat.GracefulShutdown - Commencing graceful shutdown. Waiting for active requests to complete
2025-05-23 05:32:46.407 [tomcat-shutdown] INFO  o.s.b.w.e.tomcat.GracefulShutdown - Graceful shutdown complete
2025-05-23 05:32:46.414 [SpringApplicationShutdownHook] INFO  o.s.o.j.LocalContainerEntityManagerFactoryBean - Closing JPA EntityManagerFactory for persistence unit 'default'
2025-05-23 05:32:46.417 [SpringApplicationShutdownHook] INFO  com.zaxxer.hikari.HikariDataSource - HikariPool-1 - Shutdown initiated...
2025-05-23 05:32:46.420 [SpringApplicationShutdownHook] INFO  com.zaxxer.hikari.HikariDataSource - HikariPool-1 - Shutdown completed.
2025-05-23 05:32:51.355 [restartedMain] INFO  c.m.training.TrainingApplication - Starting TrainingApplication using Java 17.0.14 with PID 23664 (D:\training\target\classes started by dolga in D:\training)
2025-05-23 05:32:51.357 [restartedMain] INFO  c.m.training.TrainingApplication - No active profile set, falling back to 1 default profile: "default"
2025-05-23 05:32:51.402 [restartedMain] INFO  o.s.b.d.e.DevToolsPropertyDefaultsPostProcessor - Devtools property defaults active! Set 'spring.devtools.add-properties' to 'false' to disable
2025-05-23 05:32:51.402 [restartedMain] INFO  o.s.b.d.e.DevToolsPropertyDefaultsPostProcessor - For additional web related logging consider setting the 'logging.level.web' property to 'DEBUG'
2025-05-23 05:32:52.375 [restartedMain] INFO  o.s.d.r.c.RepositoryConfigurationDelegate - Bootstrapping Spring Data JPA repositories in DEFAULT mode.
2025-05-23 05:32:52.467 [restartedMain] INFO  o.s.d.r.c.RepositoryConfigurationDelegate - Finished Spring Data repository scanning in 84 ms. Found 19 JPA repository interfaces.
2025-05-23 05:32:53.173 [restartedMain] INFO  o.s.b.w.e.tomcat.TomcatWebServer - Tomcat initialized with port 8080 (http)
2025-05-23 05:32:53.188 [restartedMain] INFO  o.a.catalina.core.StandardService - Starting service [Tomcat]
2025-05-23 05:32:53.188 [restartedMain] INFO  o.a.catalina.core.StandardEngine - Starting Servlet engine: [Apache Tomcat/10.1.34]
2025-05-23 05:32:53.254 [restartedMain] INFO  o.a.c.c.C.[Tomcat].[localhost].[/] - Initializing Spring embedded WebApplicationContext
2025-05-23 05:32:53.255 [restartedMain] INFO  o.s.b.w.s.c.ServletWebServerApplicationContext - Root WebApplicationContext: initialization completed in 1852 ms
2025-05-23 05:32:53.392 [restartedMain] INFO  o.h.jpa.internal.util.LogHelper - HHH000204: Processing PersistenceUnitInfo [name: default]
2025-05-23 05:32:53.443 [restartedMain] INFO  org.hibernate.Version - HHH000412: Hibernate ORM core version 6.6.5.Final
2025-05-23 05:32:53.476 [restartedMain] INFO  o.h.c.i.RegionFactoryInitiator - HHH000026: Second-level cache disabled
2025-05-23 05:32:53.713 [restartedMain] INFO  o.s.o.j.p.SpringPersistenceUnitInfo - No LoadTimeWeaver setup: ignoring JPA class transformer
2025-05-23 05:32:53.742 [restartedMain] INFO  com.zaxxer.hikari.HikariDataSource - HikariPool-1 - Starting...
2025-05-23 05:32:53.893 [restartedMain] INFO  com.zaxxer.hikari.pool.HikariPool - HikariPool-1 - Added connection org.postgresql.jdbc.PgConnection@76aa9130
2025-05-23 05:32:53.895 [restartedMain] INFO  com.zaxxer.hikari.HikariDataSource - HikariPool-1 - Start completed.
2025-05-23 05:32:53.926 [restartedMain] WARN  org.hibernate.orm.deprecation - HHH90000025: PostgreSQLDialect does not need to be specified explicitly using 'hibernate.dialect' (remove the property setting and it will be selected by default)
2025-05-23 05:32:53.944 [restartedMain] INFO  o.hibernate.orm.connections.pooling - HHH10001005: Database info:
	Database JDBC URL [Connecting through datasource 'HikariDataSource (HikariPool-1)']
	Database driver: undefined/unknown
	Database version: 17.2
	Autocommit mode: undefined/unknown
	Isolation level: undefined/unknown
	Minimum pool size: undefined/unknown
	Maximum pool size: undefined/unknown
2025-05-23 05:32:55.097 [restartedMain] INFO  o.h.e.t.j.p.i.JtaPlatformInitiator - HHH000489: No JTA platform available (set 'hibernate.transaction.jta.platform' to enable JTA platform integration)
2025-05-23 05:32:56.392 [restartedMain] INFO  o.s.o.j.LocalContainerEntityManagerFactoryBean - Initialized JPA EntityManagerFactory for persistence unit 'default'
2025-05-23 05:32:56.774 [restartedMain] INFO  o.s.d.j.r.query.QueryEnhancerFactory - Hibernate is in classpath; If applicable, HQL parser will be used.
2025-05-23 05:32:57.498 [restartedMain] INFO  o.s.s.c.a.a.c.InitializeAuthenticationProviderBeanManagerConfigurer$InitializeAuthenticationProviderManagerConfigurer - Global AuthenticationManager configured with AuthenticationProvider bean with name authenticationProvider
2025-05-23 05:32:57.499 [restartedMain] WARN  o.s.s.c.a.a.c.InitializeUserDetailsBeanManagerConfigurer$InitializeUserDetailsManagerConfigurer - Global AuthenticationManager configured with an AuthenticationProvider bean. UserDetailsService beans will not be used by Spring Security for automatically configuring username/password login. Consider removing the AuthenticationProvider bean. Alternatively, consider using the UserDetailsService in a manually instantiated DaoAuthenticationProvider. If the current configuration is intentional, to turn off this warning, increase the logging level of 'org.springframework.security.config.annotation.authentication.configuration.InitializeUserDetailsBeanManagerConfigurer' to ERROR
2025-05-23 05:32:57.848 [restartedMain] INFO  o.s.b.a.w.s.WelcomePageHandlerMapping - Adding welcome page template: index
2025-05-23 05:32:58.384 [restartedMain] INFO  o.s.b.d.a.OptionalLiveReloadServer - LiveReload server is running on port 35729
2025-05-23 05:32:58.424 [restartedMain] INFO  o.s.b.w.e.tomcat.TomcatWebServer - Tomcat started on port 8080 (http) with context path '/'
2025-05-23 05:32:58.435 [restartedMain] INFO  c.m.training.TrainingApplication - Started TrainingApplication in 7.7 seconds (process running for 8.363)
2025-05-23 05:33:34.066 [http-nio-0.0.0.0-8080-exec-1] INFO  o.a.c.c.C.[Tomcat].[localhost].[/] - Initializing Spring DispatcherServlet 'dispatcherServlet'
2025-05-23 05:33:34.066 [http-nio-0.0.0.0-8080-exec-1] INFO  o.s.web.servlet.DispatcherServlet - Initializing Servlet 'dispatcherServlet'
2025-05-23 05:33:34.068 [http-nio-0.0.0.0-8080-exec-1] INFO  o.s.web.servlet.DispatcherServlet - Completed initialization in 2 ms
2025-05-23 05:33:35.015 [http-nio-0.0.0.0-8080-exec-9] INFO  o.s.api.AbstractOpenApiResource - Init duration for springdoc-openapi is: 628 ms
2025-05-23 05:33:46.678 [http-nio-0.0.0.0-8080-exec-9] INFO  c.m.t.controllers.CoursesController - Получение курсов пользователя с ID: 47c99e5e-9933-4c6f-909d-fbc56174d0e7 (Роль: ROLE_TEACHER)
2025-05-23 05:33:46.690 [http-nio-0.0.0.0-8080-exec-9] INFO  c.m.training.service.CoursesService - Получение курсов преподавателя ID: 47c99e5e-9933-4c6f-909d-fbc56174d0e7
2025-05-23 05:33:59.260 [http-nio-0.0.0.0-8080-exec-10] INFO  c.m.t.controllers.GroupController - Получены группы, не привязанные к курсу: {}
2025-05-23 05:33:59.261 [http-nio-0.0.0.0-8080-exec-10] INFO  c.m.training.service.GroupService - Getting groups for user 47c99e5e-9933-4c6f-909d-fbc56174d0e7 that are not in any course
2025-05-23 05:33:59.282 [http-nio-0.0.0.0-8080-exec-10] INFO  c.m.training.service.GroupService - Found 2 groups for user 47c99e5e-9933-4c6f-909d-fbc56174d0e7 not in any course
2025-05-23 05:34:45.336 [http-nio-0.0.0.0-8080-exec-2] INFO  c.m.t.controllers.GroupController - Получены группы, не привязанные к курсу: {}
2025-05-23 05:34:45.337 [http-nio-0.0.0.0-8080-exec-2] INFO  c.m.training.service.GroupService - Getting groups for user 47c99e5e-9933-4c6f-909d-fbc56174d0e7 that are not in any course
2025-05-23 05:34:45.346 [http-nio-0.0.0.0-8080-exec-2] INFO  c.m.training.service.GroupService - Found 1 groups for user 47c99e5e-9933-4c6f-909d-fbc56174d0e7 not in any course
2025-05-23 06:01:54.336 [http-nio-0.0.0.0-8080-exec-2] WARN  o.s.w.s.m.m.a.ExceptionHandlerExceptionResolver - Resolved [org.springframework.security.authorization.AuthorizationDeniedException: Access Denied]
2025-05-23 06:01:59.784 [http-nio-0.0.0.0-8080-exec-6] INFO  c.m.t.controllers.CoursesController - Получение курсов пользователя с ID: 47c99e5e-9933-4c6f-909d-fbc56174d0e7 (Роль: ROLE_TEACHER)
2025-05-23 06:01:59.787 [http-nio-0.0.0.0-8080-exec-6] INFO  c.m.training.service.CoursesService - Получение курсов преподавателя ID: 47c99e5e-9933-4c6f-909d-fbc56174d0e7
2025-05-23 06:02:13.367 [http-nio-0.0.0.0-8080-exec-9] INFO  c.m.t.controllers.GroupController - Получен список всех групп
2025-05-23 06:02:13.368 [http-nio-0.0.0.0-8080-exec-9] INFO  c.m.training.service.GroupService - Получен список всех групп
2025-05-23 06:02:13.374 [http-nio-0.0.0.0-8080-exec-9] INFO  c.m.training.service.GroupService - Найдено 2 групп
2025-05-23 06:03:25.278 [SpringApplicationShutdownHook] INFO  o.s.b.w.e.tomcat.GracefulShutdown - Commencing graceful shutdown. Waiting for active requests to complete
2025-05-23 06:03:25.442 [tomcat-shutdown] INFO  o.s.b.w.e.tomcat.GracefulShutdown - Graceful shutdown complete
2025-05-23 06:03:25.450 [SpringApplicationShutdownHook] INFO  o.s.o.j.LocalContainerEntityManagerFactoryBean - Closing JPA EntityManagerFactory for persistence unit 'default'
2025-05-23 06:03:25.453 [SpringApplicationShutdownHook] INFO  com.zaxxer.hikari.HikariDataSource - HikariPool-1 - Shutdown initiated...
2025-05-23 06:03:25.455 [SpringApplicationShutdownHook] INFO  com.zaxxer.hikari.HikariDataSource - HikariPool-1 - Shutdown completed.
2025-05-23 06:04:07.883 [restartedMain] INFO  c.m.training.TrainingApplication - Starting TrainingApplication using Java 17.0.14 with PID 1996 (D:\training\target\classes started by dolga in D:\training)
2025-05-23 06:04:07.885 [restartedMain] INFO  c.m.training.TrainingApplication - No active profile set, falling back to 1 default profile: "default"
2025-05-23 06:04:07.928 [restartedMain] INFO  o.s.b.d.e.DevToolsPropertyDefaultsPostProcessor - Devtools property defaults active! Set 'spring.devtools.add-properties' to 'false' to disable
2025-05-23 06:04:07.928 [restartedMain] INFO  o.s.b.d.e.DevToolsPropertyDefaultsPostProcessor - For additional web related logging consider setting the 'logging.level.web' property to 'DEBUG'
2025-05-23 06:04:08.791 [restartedMain] INFO  o.s.d.r.c.RepositoryConfigurationDelegate - Bootstrapping Spring Data JPA repositories in DEFAULT mode.
2025-05-23 06:04:08.891 [restartedMain] INFO  o.s.d.r.c.RepositoryConfigurationDelegate - Finished Spring Data repository scanning in 90 ms. Found 19 JPA repository interfaces.
2025-05-23 06:04:09.535 [restartedMain] INFO  o.s.b.w.e.tomcat.TomcatWebServer - Tomcat initialized with port 8080 (http)
2025-05-23 06:04:09.547 [restartedMain] INFO  o.a.catalina.core.StandardService - Starting service [Tomcat]
2025-05-23 06:04:09.547 [restartedMain] INFO  o.a.catalina.core.StandardEngine - Starting Servlet engine: [Apache Tomcat/10.1.34]
2025-05-23 06:04:09.600 [restartedMain] INFO  o.a.c.c.C.[Tomcat].[localhost].[/] - Initializing Spring embedded WebApplicationContext
2025-05-23 06:04:09.601 [restartedMain] INFO  o.s.b.w.s.c.ServletWebServerApplicationContext - Root WebApplicationContext: initialization completed in 1672 ms
2025-05-23 06:04:09.727 [restartedMain] INFO  o.h.jpa.internal.util.LogHelper - HHH000204: Processing PersistenceUnitInfo [name: default]
2025-05-23 06:04:09.777 [restartedMain] INFO  org.hibernate.Version - HHH000412: Hibernate ORM core version 6.6.5.Final
2025-05-23 06:04:09.808 [restartedMain] INFO  o.h.c.i.RegionFactoryInitiator - HHH000026: Second-level cache disabled
2025-05-23 06:04:10.047 [restartedMain] INFO  o.s.o.j.p.SpringPersistenceUnitInfo - No LoadTimeWeaver setup: ignoring JPA class transformer
2025-05-23 06:04:10.074 [restartedMain] INFO  com.zaxxer.hikari.HikariDataSource - HikariPool-1 - Starting...
2025-05-23 06:04:10.215 [restartedMain] INFO  com.zaxxer.hikari.pool.HikariPool - HikariPool-1 - Added connection org.postgresql.jdbc.PgConnection@570c88cd
2025-05-23 06:04:10.217 [restartedMain] INFO  com.zaxxer.hikari.HikariDataSource - HikariPool-1 - Start completed.
2025-05-23 06:04:10.247 [restartedMain] WARN  org.hibernate.orm.deprecation - HHH90000025: PostgreSQLDialect does not need to be specified explicitly using 'hibernate.dialect' (remove the property setting and it will be selected by default)
2025-05-23 06:04:10.266 [restartedMain] INFO  o.hibernate.orm.connections.pooling - HHH10001005: Database info:
	Database JDBC URL [Connecting through datasource 'HikariDataSource (HikariPool-1)']
	Database driver: undefined/unknown
	Database version: 17.2
	Autocommit mode: undefined/unknown
	Isolation level: undefined/unknown
	Minimum pool size: undefined/unknown
	Maximum pool size: undefined/unknown
2025-05-23 06:04:11.387 [restartedMain] INFO  o.h.e.t.j.p.i.JtaPlatformInitiator - HHH000489: No JTA platform available (set 'hibernate.transaction.jta.platform' to enable JTA platform integration)
2025-05-23 06:04:12.663 [restartedMain] INFO  o.s.o.j.LocalContainerEntityManagerFactoryBean - Initialized JPA EntityManagerFactory for persistence unit 'default'
2025-05-23 06:04:13.039 [restartedMain] INFO  o.s.d.j.r.query.QueryEnhancerFactory - Hibernate is in classpath; If applicable, HQL parser will be used.
2025-05-23 06:04:13.749 [restartedMain] INFO  o.s.s.c.a.a.c.InitializeAuthenticationProviderBeanManagerConfigurer$InitializeAuthenticationProviderManagerConfigurer - Global AuthenticationManager configured with AuthenticationProvider bean with name authenticationProvider
2025-05-23 06:04:13.750 [restartedMain] WARN  o.s.s.c.a.a.c.InitializeUserDetailsBeanManagerConfigurer$InitializeUserDetailsManagerConfigurer - Global AuthenticationManager configured with an AuthenticationProvider bean. UserDetailsService beans will not be used by Spring Security for automatically configuring username/password login. Consider removing the AuthenticationProvider bean. Alternatively, consider using the UserDetailsService in a manually instantiated DaoAuthenticationProvider. If the current configuration is intentional, to turn off this warning, increase the logging level of 'org.springframework.security.config.annotation.authentication.configuration.InitializeUserDetailsBeanManagerConfigurer' to ERROR
2025-05-23 06:04:14.075 [restartedMain] INFO  o.s.b.a.w.s.WelcomePageHandlerMapping - Adding welcome page template: index
2025-05-23 06:04:14.595 [restartedMain] INFO  o.s.b.d.a.OptionalLiveReloadServer - LiveReload server is running on port 35729
2025-05-23 06:04:14.633 [restartedMain] INFO  o.s.b.w.e.tomcat.TomcatWebServer - Tomcat started on port 8080 (http) with context path '/'
2025-05-23 06:04:14.643 [restartedMain] INFO  c.m.training.TrainingApplication - Started TrainingApplication in 7.345 seconds (process running for 7.98)
2025-05-23 06:04:17.474 [http-nio-0.0.0.0-8080-exec-1] INFO  o.a.c.c.C.[Tomcat].[localhost].[/] - Initializing Spring DispatcherServlet 'dispatcherServlet'
2025-05-23 06:04:17.475 [http-nio-0.0.0.0-8080-exec-1] INFO  o.s.web.servlet.DispatcherServlet - Initializing Servlet 'dispatcherServlet'
2025-05-23 06:04:17.477 [http-nio-0.0.0.0-8080-exec-1] INFO  o.s.web.servlet.DispatcherServlet - Completed initialization in 1 ms
2025-05-23 06:04:18.490 [http-nio-0.0.0.0-8080-exec-9] INFO  o.s.api.AbstractOpenApiResource - Init duration for springdoc-openapi is: 636 ms
2025-05-23 06:04:28.439 [http-nio-0.0.0.0-8080-exec-10] WARN  o.s.w.s.m.m.a.ExceptionHandlerExceptionResolver - Resolved [org.springframework.security.authorization.AuthorizationDeniedException: Access Denied]
2025-05-23 06:04:34.902 [http-nio-0.0.0.0-8080-exec-1] WARN  o.s.w.s.m.m.a.ExceptionHandlerExceptionResolver - Resolved [org.springframework.security.authorization.AuthorizationDeniedException: Access Denied]
2025-05-23 06:04:40.618 [http-nio-0.0.0.0-8080-exec-3] WARN  o.s.w.s.m.m.a.ExceptionHandlerExceptionResolver - Resolved [org.springframework.security.authorization.AuthorizationDeniedException: Access Denied]
2025-05-23 06:04:46.588 [http-nio-0.0.0.0-8080-exec-2] INFO  c.m.t.controllers.GroupController - Получен список всех групп
2025-05-23 06:04:46.588 [http-nio-0.0.0.0-8080-exec-2] INFO  c.m.training.service.GroupService - Получен список всех групп
2025-05-23 06:04:46.609 [http-nio-0.0.0.0-8080-exec-2] WARN  o.s.w.s.m.m.a.ExceptionHandlerExceptionResolver - Resolved [org.hibernate.LazyInitializationException: failed to lazily initialize a collection of role: com.mobapp.training.models.Course.coursesGroups: could not initialize proxy - no Session]
2025-05-23 06:05:04.947 [SpringApplicationShutdownHook] INFO  o.s.b.w.e.tomcat.GracefulShutdown - Commencing graceful shutdown. Waiting for active requests to complete
2025-05-23 06:05:05.101 [tomcat-shutdown] INFO  o.s.b.w.e.tomcat.GracefulShutdown - Graceful shutdown complete
2025-05-23 06:05:05.108 [SpringApplicationShutdownHook] INFO  o.s.o.j.LocalContainerEntityManagerFactoryBean - Closing JPA EntityManagerFactory for persistence unit 'default'
2025-05-23 06:05:05.111 [SpringApplicationShutdownHook] INFO  com.zaxxer.hikari.HikariDataSource - HikariPool-1 - Shutdown initiated...
2025-05-23 06:05:05.114 [SpringApplicationShutdownHook] INFO  com.zaxxer.hikari.HikariDataSource - HikariPool-1 - Shutdown completed.
2025-05-23 06:05:09.422 [restartedMain] INFO  c.m.training.TrainingApplication - Starting TrainingApplication using Java 17.0.14 with PID 19996 (D:\training\target\classes started by dolga in D:\training)
2025-05-23 06:05:09.424 [restartedMain] INFO  c.m.training.TrainingApplication - No active profile set, falling back to 1 default profile: "default"
2025-05-23 06:05:09.462 [restartedMain] INFO  o.s.b.d.e.DevToolsPropertyDefaultsPostProcessor - Devtools property defaults active! Set 'spring.devtools.add-properties' to 'false' to disable
2025-05-23 06:05:09.462 [restartedMain] INFO  o.s.b.d.e.DevToolsPropertyDefaultsPostProcessor - For additional web related logging consider setting the 'logging.level.web' property to 'DEBUG'
2025-05-23 06:05:10.256 [restartedMain] INFO  o.s.d.r.c.RepositoryConfigurationDelegate - Bootstrapping Spring Data JPA repositories in DEFAULT mode.
2025-05-23 06:05:10.340 [restartedMain] INFO  o.s.d.r.c.RepositoryConfigurationDelegate - Finished Spring Data repository scanning in 76 ms. Found 19 JPA repository interfaces.
2025-05-23 06:05:10.954 [restartedMain] INFO  o.s.b.w.e.tomcat.TomcatWebServer - Tomcat initialized with port 8080 (http)
2025-05-23 06:05:10.965 [restartedMain] INFO  o.a.catalina.core.StandardService - Starting service [Tomcat]
2025-05-23 06:05:10.966 [restartedMain] INFO  o.a.catalina.core.StandardEngine - Starting Servlet engine: [Apache Tomcat/10.1.34]
2025-05-23 06:05:11.017 [restartedMain] INFO  o.a.c.c.C.[Tomcat].[localhost].[/] - Initializing Spring embedded WebApplicationContext
2025-05-23 06:05:11.018 [restartedMain] INFO  o.s.b.w.s.c.ServletWebServerApplicationContext - Root WebApplicationContext: initialization completed in 1556 ms
2025-05-23 06:05:11.147 [restartedMain] INFO  o.h.jpa.internal.util.LogHelper - HHH000204: Processing PersistenceUnitInfo [name: default]
2025-05-23 06:05:11.195 [restartedMain] INFO  org.hibernate.Version - HHH000412: Hibernate ORM core version 6.6.5.Final
2025-05-23 06:05:11.226 [restartedMain] INFO  o.h.c.i.RegionFactoryInitiator - HHH000026: Second-level cache disabled
2025-05-23 06:05:11.464 [restartedMain] INFO  o.s.o.j.p.SpringPersistenceUnitInfo - No LoadTimeWeaver setup: ignoring JPA class transformer
2025-05-23 06:05:11.491 [restartedMain] INFO  com.zaxxer.hikari.HikariDataSource - HikariPool-1 - Starting...
2025-05-23 06:05:11.643 [restartedMain] INFO  com.zaxxer.hikari.pool.HikariPool - HikariPool-1 - Added connection org.postgresql.jdbc.PgConnection@2757100e
2025-05-23 06:05:11.645 [restartedMain] INFO  com.zaxxer.hikari.HikariDataSource - HikariPool-1 - Start completed.
2025-05-23 06:05:11.675 [restartedMain] WARN  org.hibernate.orm.deprecation - HHH90000025: PostgreSQLDialect does not need to be specified explicitly using 'hibernate.dialect' (remove the property setting and it will be selected by default)
2025-05-23 06:05:11.693 [restartedMain] INFO  o.hibernate.orm.connections.pooling - HHH10001005: Database info:
	Database JDBC URL [Connecting through datasource 'HikariDataSource (HikariPool-1)']
	Database driver: undefined/unknown
	Database version: 17.2
	Autocommit mode: undefined/unknown
	Isolation level: undefined/unknown
	Minimum pool size: undefined/unknown
	Maximum pool size: undefined/unknown
2025-05-23 06:05:12.813 [restartedMain] INFO  o.h.e.t.j.p.i.JtaPlatformInitiator - HHH000489: No JTA platform available (set 'hibernate.transaction.jta.platform' to enable JTA platform integration)
2025-05-23 06:05:14.062 [restartedMain] INFO  o.s.o.j.LocalContainerEntityManagerFactoryBean - Initialized JPA EntityManagerFactory for persistence unit 'default'
2025-05-23 06:05:14.431 [restartedMain] INFO  o.s.d.j.r.query.QueryEnhancerFactory - Hibernate is in classpath; If applicable, HQL parser will be used.
2025-05-23 06:05:15.135 [restartedMain] INFO  o.s.s.c.a.a.c.InitializeAuthenticationProviderBeanManagerConfigurer$InitializeAuthenticationProviderManagerConfigurer - Global AuthenticationManager configured with AuthenticationProvider bean with name authenticationProvider
2025-05-23 06:05:15.136 [restartedMain] WARN  o.s.s.c.a.a.c.InitializeUserDetailsBeanManagerConfigurer$InitializeUserDetailsManagerConfigurer - Global AuthenticationManager configured with an AuthenticationProvider bean. UserDetailsService beans will not be used by Spring Security for automatically configuring username/password login. Consider removing the AuthenticationProvider bean. Alternatively, consider using the UserDetailsService in a manually instantiated DaoAuthenticationProvider. If the current configuration is intentional, to turn off this warning, increase the logging level of 'org.springframework.security.config.annotation.authentication.configuration.InitializeUserDetailsBeanManagerConfigurer' to ERROR
2025-05-23 06:05:15.480 [restartedMain] INFO  o.s.b.a.w.s.WelcomePageHandlerMapping - Adding welcome page template: index
2025-05-23 06:05:15.995 [restartedMain] INFO  o.s.b.d.a.OptionalLiveReloadServer - LiveReload server is running on port 35729
2025-05-23 06:05:16.033 [restartedMain] INFO  o.s.b.w.e.tomcat.TomcatWebServer - Tomcat started on port 8080 (http) with context path '/'
2025-05-23 06:05:16.042 [restartedMain] INFO  c.m.training.TrainingApplication - Started TrainingApplication in 7.154 seconds (process running for 7.741)
2025-05-23 06:05:26.993 [http-nio-0.0.0.0-8080-exec-1] INFO  o.a.c.c.C.[Tomcat].[localhost].[/] - Initializing Spring DispatcherServlet 'dispatcherServlet'
2025-05-23 06:05:26.993 [http-nio-0.0.0.0-8080-exec-1] INFO  o.s.web.servlet.DispatcherServlet - Initializing Servlet 'dispatcherServlet'
2025-05-23 06:05:26.995 [http-nio-0.0.0.0-8080-exec-1] INFO  o.s.web.servlet.DispatcherServlet - Completed initialization in 2 ms
2025-05-23 06:05:27.215 [http-nio-0.0.0.0-8080-exec-1] INFO  c.m.t.controllers.GroupController - Получен список всех групп
2025-05-23 06:05:27.220 [http-nio-0.0.0.0-8080-exec-1] INFO  c.m.training.service.GroupService - Получен список всех групп
2025-05-23 06:05:27.263 [http-nio-0.0.0.0-8080-exec-1] INFO  c.m.training.service.GroupService - Найдено 2 групп
2025-05-23 06:14:57.753 [SpringApplicationShutdownHook] INFO  o.s.b.w.e.tomcat.GracefulShutdown - Commencing graceful shutdown. Waiting for active requests to complete
2025-05-23 06:14:57.906 [tomcat-shutdown] INFO  o.s.b.w.e.tomcat.GracefulShutdown - Graceful shutdown complete
2025-05-23 06:14:57.913 [SpringApplicationShutdownHook] INFO  o.s.o.j.LocalContainerEntityManagerFactoryBean - Closing JPA EntityManagerFactory for persistence unit 'default'
2025-05-23 06:14:57.915 [SpringApplicationShutdownHook] INFO  com.zaxxer.hikari.HikariDataSource - HikariPool-1 - Shutdown initiated...
2025-05-23 06:14:57.918 [SpringApplicationShutdownHook] INFO  com.zaxxer.hikari.HikariDataSource - HikariPool-1 - Shutdown completed.
2025-05-23 06:15:06.962 [restartedMain] INFO  c.m.training.TrainingApplication - Starting TrainingApplication using Java 17.0.14 with PID 33368 (D:\training\target\classes started by dolga in D:\training)
2025-05-23 06:15:06.965 [restartedMain] INFO  c.m.training.TrainingApplication - No active profile set, falling back to 1 default profile: "default"
2025-05-23 06:15:07.009 [restartedMain] INFO  o.s.b.d.e.DevToolsPropertyDefaultsPostProcessor - Devtools property defaults active! Set 'spring.devtools.add-properties' to 'false' to disable
2025-05-23 06:15:07.009 [restartedMain] INFO  o.s.b.d.e.DevToolsPropertyDefaultsPostProcessor - For additional web related logging consider setting the 'logging.level.web' property to 'DEBUG'
2025-05-23 06:15:08.988 [restartedMain] INFO  o.s.d.r.c.RepositoryConfigurationDelegate - Bootstrapping Spring Data JPA repositories in DEFAULT mode.
2025-05-23 06:15:09.071 [restartedMain] INFO  o.s.d.r.c.RepositoryConfigurationDelegate - Finished Spring Data repository scanning in 75 ms. Found 19 JPA repository interfaces.
2025-05-23 06:15:09.685 [restartedMain] INFO  o.s.b.w.e.tomcat.TomcatWebServer - Tomcat initialized with port 8080 (http)
2025-05-23 06:15:09.697 [restartedMain] INFO  o.a.catalina.core.StandardService - Starting service [Tomcat]
2025-05-23 06:15:09.697 [restartedMain] INFO  o.a.catalina.core.StandardEngine - Starting Servlet engine: [Apache Tomcat/10.1.34]
2025-05-23 06:15:09.751 [restartedMain] INFO  o.a.c.c.C.[Tomcat].[localhost].[/] - Initializing Spring embedded WebApplicationContext
2025-05-23 06:15:09.752 [restartedMain] INFO  o.s.b.w.s.c.ServletWebServerApplicationContext - Root WebApplicationContext: initialization completed in 2742 ms
2025-05-23 06:15:09.876 [restartedMain] INFO  o.h.jpa.internal.util.LogHelper - HHH000204: Processing PersistenceUnitInfo [name: default]
2025-05-23 06:15:09.926 [restartedMain] INFO  org.hibernate.Version - HHH000412: Hibernate ORM core version 6.6.5.Final
2025-05-23 06:15:09.962 [restartedMain] INFO  o.h.c.i.RegionFactoryInitiator - HHH000026: Second-level cache disabled
2025-05-23 06:15:10.203 [restartedMain] INFO  o.s.o.j.p.SpringPersistenceUnitInfo - No LoadTimeWeaver setup: ignoring JPA class transformer
2025-05-23 06:15:10.230 [restartedMain] INFO  com.zaxxer.hikari.HikariDataSource - HikariPool-1 - Starting...
2025-05-23 06:15:10.396 [restartedMain] INFO  com.zaxxer.hikari.pool.HikariPool - HikariPool-1 - Added connection org.postgresql.jdbc.PgConnection@6240d68e
2025-05-23 06:15:10.398 [restartedMain] INFO  com.zaxxer.hikari.HikariDataSource - HikariPool-1 - Start completed.
2025-05-23 06:15:10.428 [restartedMain] WARN  org.hibernate.orm.deprecation - HHH90000025: PostgreSQLDialect does not need to be specified explicitly using 'hibernate.dialect' (remove the property setting and it will be selected by default)
2025-05-23 06:15:10.447 [restartedMain] INFO  o.hibernate.orm.connections.pooling - HHH10001005: Database info:
	Database JDBC URL [Connecting through datasource 'HikariDataSource (HikariPool-1)']
	Database driver: undefined/unknown
	Database version: 17.2
	Autocommit mode: undefined/unknown
	Isolation level: undefined/unknown
	Minimum pool size: undefined/unknown
	Maximum pool size: undefined/unknown
2025-05-23 06:15:11.607 [restartedMain] INFO  o.h.e.t.j.p.i.JtaPlatformInitiator - HHH000489: No JTA platform available (set 'hibernate.transaction.jta.platform' to enable JTA platform integration)
2025-05-23 06:15:12.908 [restartedMain] INFO  o.s.o.j.LocalContainerEntityManagerFactoryBean - Initialized JPA EntityManagerFactory for persistence unit 'default'
2025-05-23 06:15:13.282 [restartedMain] INFO  o.s.d.j.r.query.QueryEnhancerFactory - Hibernate is in classpath; If applicable, HQL parser will be used.
2025-05-23 06:15:13.985 [restartedMain] INFO  o.s.s.c.a.a.c.InitializeAuthenticationProviderBeanManagerConfigurer$InitializeAuthenticationProviderManagerConfigurer - Global AuthenticationManager configured with AuthenticationProvider bean with name authenticationProvider
2025-05-23 06:15:13.986 [restartedMain] WARN  o.s.s.c.a.a.c.InitializeUserDetailsBeanManagerConfigurer$InitializeUserDetailsManagerConfigurer - Global AuthenticationManager configured with an AuthenticationProvider bean. UserDetailsService beans will not be used by Spring Security for automatically configuring username/password login. Consider removing the AuthenticationProvider bean. Alternatively, consider using the UserDetailsService in a manually instantiated DaoAuthenticationProvider. If the current configuration is intentional, to turn off this warning, increase the logging level of 'org.springframework.security.config.annotation.authentication.configuration.InitializeUserDetailsBeanManagerConfigurer' to ERROR
2025-05-23 06:15:14.307 [restartedMain] INFO  o.s.b.a.w.s.WelcomePageHandlerMapping - Adding welcome page template: index
2025-05-23 06:15:14.830 [restartedMain] INFO  o.s.b.d.a.OptionalLiveReloadServer - LiveReload server is running on port 35729
2025-05-23 06:15:14.869 [restartedMain] INFO  o.s.b.w.e.tomcat.TomcatWebServer - Tomcat started on port 8080 (http) with context path '/'
2025-05-23 06:15:14.880 [restartedMain] INFO  c.m.training.TrainingApplication - Started TrainingApplication in 8.478 seconds (process running for 9.775)
2025-05-23 06:15:30.026 [http-nio-0.0.0.0-8080-exec-1] INFO  o.a.c.c.C.[Tomcat].[localhost].[/] - Initializing Spring DispatcherServlet 'dispatcherServlet'
2025-05-23 06:15:30.027 [http-nio-0.0.0.0-8080-exec-1] INFO  o.s.web.servlet.DispatcherServlet - Initializing Servlet 'dispatcherServlet'
2025-05-23 06:15:30.028 [http-nio-0.0.0.0-8080-exec-1] INFO  o.s.web.servlet.DispatcherServlet - Completed initialization in 1 ms
2025-05-23 06:15:30.251 [http-nio-0.0.0.0-8080-exec-1] INFO  c.m.t.controllers.GroupController - Получен список всех групп
2025-05-23 06:15:30.256 [http-nio-0.0.0.0-8080-exec-1] INFO  c.m.training.service.GroupService - Получен список всех групп
2025-05-23 06:15:30.296 [http-nio-0.0.0.0-8080-exec-1] INFO  c.m.training.service.GroupService - Найдено 2 групп
2025-05-23 06:15:31.619 [http-nio-0.0.0.0-8080-exec-2] INFO  c.m.t.controllers.GroupController - Получен список всех групп
2025-05-23 06:15:31.620 [http-nio-0.0.0.0-8080-exec-2] INFO  c.m.training.service.GroupService - Получен список всех групп
2025-05-23 06:15:31.632 [http-nio-0.0.0.0-8080-exec-2] INFO  c.m.training.service.GroupService - Найдено 2 групп
2025-05-23 06:15:32.912 [http-nio-0.0.0.0-8080-exec-3] INFO  c.m.t.controllers.GroupController - Получен список всех групп
2025-05-23 06:15:32.913 [http-nio-0.0.0.0-8080-exec-3] INFO  c.m.training.service.GroupService - Получен список всех групп
2025-05-23 06:15:32.926 [http-nio-0.0.0.0-8080-exec-3] INFO  c.m.training.service.GroupService - Найдено 2 групп
2025-05-23 06:15:33.432 [http-nio-0.0.0.0-8080-exec-4] INFO  c.m.t.controllers.GroupController - Получен список всех групп
2025-05-23 06:15:33.433 [http-nio-0.0.0.0-8080-exec-4] INFO  c.m.training.service.GroupService - Получен список всех групп
2025-05-23 06:15:33.440 [http-nio-0.0.0.0-8080-exec-4] INFO  c.m.training.service.GroupService - Найдено 2 групп
2025-05-23 06:15:33.892 [http-nio-0.0.0.0-8080-exec-5] INFO  c.m.t.controllers.GroupController - Получен список всех групп
2025-05-23 06:15:33.893 [http-nio-0.0.0.0-8080-exec-5] INFO  c.m.training.service.GroupService - Получен список всех групп
2025-05-23 06:15:33.901 [http-nio-0.0.0.0-8080-exec-5] INFO  c.m.training.service.GroupService - Найдено 2 групп
2025-05-23 06:15:34.305 [http-nio-0.0.0.0-8080-exec-6] INFO  c.m.t.controllers.GroupController - Получен список всех групп
2025-05-23 06:15:34.306 [http-nio-0.0.0.0-8080-exec-6] INFO  c.m.training.service.GroupService - Получен список всех групп
2025-05-23 06:15:34.317 [http-nio-0.0.0.0-8080-exec-6] INFO  c.m.training.service.GroupService - Найдено 2 групп
2025-05-23 06:15:34.709 [http-nio-0.0.0.0-8080-exec-7] INFO  c.m.t.controllers.GroupController - Получен список всех групп
2025-05-23 06:15:34.709 [http-nio-0.0.0.0-8080-exec-7] INFO  c.m.training.service.GroupService - Получен список всех групп
2025-05-23 06:15:34.716 [http-nio-0.0.0.0-8080-exec-7] INFO  c.m.training.service.GroupService - Найдено 2 групп
2025-05-23 06:15:35.083 [http-nio-0.0.0.0-8080-exec-8] INFO  c.m.t.controllers.GroupController - Получен список всех групп
2025-05-23 06:15:35.084 [http-nio-0.0.0.0-8080-exec-8] INFO  c.m.training.service.GroupService - Получен список всех групп
2025-05-23 06:15:35.090 [http-nio-0.0.0.0-8080-exec-8] INFO  c.m.training.service.GroupService - Найдено 2 групп
2025-05-23 06:15:35.488 [http-nio-0.0.0.0-8080-exec-9] INFO  c.m.t.controllers.GroupController - Получен список всех групп
2025-05-23 06:15:35.488 [http-nio-0.0.0.0-8080-exec-9] INFO  c.m.training.service.GroupService - Получен список всех групп
2025-05-23 06:15:35.495 [http-nio-0.0.0.0-8080-exec-9] INFO  c.m.training.service.GroupService - Найдено 2 групп
2025-05-23 06:15:36.124 [http-nio-0.0.0.0-8080-exec-10] INFO  c.m.t.controllers.GroupController - Получен список всех групп
2025-05-23 06:15:36.125 [http-nio-0.0.0.0-8080-exec-10] INFO  c.m.training.service.GroupService - Получен список всех групп
2025-05-23 06:15:36.132 [http-nio-0.0.0.0-8080-exec-10] INFO  c.m.training.service.GroupService - Найдено 2 групп
2025-05-23 06:15:36.511 [http-nio-0.0.0.0-8080-exec-1] INFO  c.m.t.controllers.GroupController - Получен список всех групп
2025-05-23 06:15:36.511 [http-nio-0.0.0.0-8080-exec-1] INFO  c.m.training.service.GroupService - Получен список всех групп
2025-05-23 06:15:36.521 [http-nio-0.0.0.0-8080-exec-1] INFO  c.m.training.service.GroupService - Найдено 2 групп
2025-05-23 06:15:36.886 [http-nio-0.0.0.0-8080-exec-2] INFO  c.m.t.controllers.GroupController - Получен список всех групп
2025-05-23 06:15:36.887 [http-nio-0.0.0.0-8080-exec-2] INFO  c.m.training.service.GroupService - Получен список всех групп
2025-05-23 06:15:36.894 [http-nio-0.0.0.0-8080-exec-2] INFO  c.m.training.service.GroupService - Найдено 2 групп
2025-05-23 06:15:44.334 [http-nio-0.0.0.0-8080-exec-3] INFO  c.m.t.controllers.GroupController - Получены группы, не привязанные к курсу: {}
2025-05-23 06:15:44.335 [http-nio-0.0.0.0-8080-exec-3] INFO  c.m.training.service.GroupService - Getting groups for user 47c99e5e-9933-4c6f-909d-fbc56174d0e7 that are not in any course
2025-05-23 06:15:44.344 [http-nio-0.0.0.0-8080-exec-3] INFO  c.m.training.service.GroupService - Found 1 groups for user 47c99e5e-9933-4c6f-909d-fbc56174d0e7 not in any course
2025-05-23 06:30:50.646 [SpringApplicationShutdownHook] INFO  o.s.b.w.e.tomcat.GracefulShutdown - Commencing graceful shutdown. Waiting for active requests to complete
2025-05-23 06:30:50.800 [tomcat-shutdown] INFO  o.s.b.w.e.tomcat.GracefulShutdown - Graceful shutdown complete
2025-05-23 06:30:50.809 [SpringApplicationShutdownHook] INFO  o.s.o.j.LocalContainerEntityManagerFactoryBean - Closing JPA EntityManagerFactory for persistence unit 'default'
2025-05-23 06:30:50.811 [SpringApplicationShutdownHook] INFO  com.zaxxer.hikari.HikariDataSource - HikariPool-1 - Shutdown initiated...
2025-05-23 06:30:50.814 [SpringApplicationShutdownHook] INFO  com.zaxxer.hikari.HikariDataSource - HikariPool-1 - Shutdown completed.
2025-05-23 06:30:55.217 [restartedMain] INFO  c.m.training.TrainingApplication - Starting TrainingApplication using Java 17.0.14 with PID 5108 (D:\training\target\classes started by dolga in D:\training)
2025-05-23 06:30:55.219 [restartedMain] INFO  c.m.training.TrainingApplication - No active profile set, falling back to 1 default profile: "default"
2025-05-23 06:30:55.257 [restartedMain] INFO  o.s.b.d.e.DevToolsPropertyDefaultsPostProcessor - Devtools property defaults active! Set 'spring.devtools.add-properties' to 'false' to disable
2025-05-23 06:30:55.258 [restartedMain] INFO  o.s.b.d.e.DevToolsPropertyDefaultsPostProcessor - For additional web related logging consider setting the 'logging.level.web' property to 'DEBUG'
2025-05-23 06:30:56.123 [restartedMain] INFO  o.s.d.r.c.RepositoryConfigurationDelegate - Bootstrapping Spring Data JPA repositories in DEFAULT mode.
2025-05-23 06:30:56.213 [restartedMain] INFO  o.s.d.r.c.RepositoryConfigurationDelegate - Finished Spring Data repository scanning in 82 ms. Found 19 JPA repository interfaces.
2025-05-23 06:30:56.891 [restartedMain] INFO  o.s.b.w.e.tomcat.TomcatWebServer - Tomcat initialized with port 8080 (http)
2025-05-23 06:30:56.904 [restartedMain] INFO  o.a.catalina.core.StandardService - Starting service [Tomcat]
2025-05-23 06:30:56.904 [restartedMain] INFO  o.a.catalina.core.StandardEngine - Starting Servlet engine: [Apache Tomcat/10.1.34]
2025-05-23 06:30:56.967 [restartedMain] INFO  o.a.c.c.C.[Tomcat].[localhost].[/] - Initializing Spring embedded WebApplicationContext
2025-05-23 06:30:56.968 [restartedMain] INFO  o.s.b.w.s.c.ServletWebServerApplicationContext - Root WebApplicationContext: initialization completed in 1710 ms
2025-05-23 06:30:57.144 [restartedMain] INFO  o.h.jpa.internal.util.LogHelper - HHH000204: Processing PersistenceUnitInfo [name: default]
2025-05-23 06:30:57.193 [restartedMain] INFO  org.hibernate.Version - HHH000412: Hibernate ORM core version 6.6.5.Final
2025-05-23 06:30:57.224 [restartedMain] INFO  o.h.c.i.RegionFactoryInitiator - HHH000026: Second-level cache disabled
2025-05-23 06:30:57.481 [restartedMain] INFO  o.s.o.j.p.SpringPersistenceUnitInfo - No LoadTimeWeaver setup: ignoring JPA class transformer
2025-05-23 06:30:57.511 [restartedMain] INFO  com.zaxxer.hikari.HikariDataSource - HikariPool-1 - Starting...
2025-05-23 06:30:57.665 [restartedMain] INFO  com.zaxxer.hikari.pool.HikariPool - HikariPool-1 - Added connection org.postgresql.jdbc.PgConnection@518bdfb
2025-05-23 06:30:57.668 [restartedMain] INFO  com.zaxxer.hikari.HikariDataSource - HikariPool-1 - Start completed.
2025-05-23 06:30:57.702 [restartedMain] WARN  org.hibernate.orm.deprecation - HHH90000025: PostgreSQLDialect does not need to be specified explicitly using 'hibernate.dialect' (remove the property setting and it will be selected by default)
2025-05-23 06:30:57.722 [restartedMain] INFO  o.hibernate.orm.connections.pooling - HHH10001005: Database info:
	Database JDBC URL [Connecting through datasource 'HikariDataSource (HikariPool-1)']
	Database driver: undefined/unknown
	Database version: 17.2
	Autocommit mode: undefined/unknown
	Isolation level: undefined/unknown
	Minimum pool size: undefined/unknown
	Maximum pool size: undefined/unknown
2025-05-23 06:30:58.957 [restartedMain] INFO  o.h.e.t.j.p.i.JtaPlatformInitiator - HHH000489: No JTA platform available (set 'hibernate.transaction.jta.platform' to enable JTA platform integration)
2025-05-23 06:31:00.249 [restartedMain] INFO  o.s.o.j.LocalContainerEntityManagerFactoryBean - Initialized JPA EntityManagerFactory for persistence unit 'default'
2025-05-23 06:31:00.632 [restartedMain] INFO  o.s.d.j.r.query.QueryEnhancerFactory - Hibernate is in classpath; If applicable, HQL parser will be used.
2025-05-23 06:31:01.354 [restartedMain] INFO  o.s.s.c.a.a.c.InitializeAuthenticationProviderBeanManagerConfigurer$InitializeAuthenticationProviderManagerConfigurer - Global AuthenticationManager configured with AuthenticationProvider bean with name authenticationProvider
2025-05-23 06:31:01.355 [restartedMain] WARN  o.s.s.c.a.a.c.InitializeUserDetailsBeanManagerConfigurer$InitializeUserDetailsManagerConfigurer - Global AuthenticationManager configured with an AuthenticationProvider bean. UserDetailsService beans will not be used by Spring Security for automatically configuring username/password login. Consider removing the AuthenticationProvider bean. Alternatively, consider using the UserDetailsService in a manually instantiated DaoAuthenticationProvider. If the current configuration is intentional, to turn off this warning, increase the logging level of 'org.springframework.security.config.annotation.authentication.configuration.InitializeUserDetailsBeanManagerConfigurer' to ERROR
2025-05-23 06:31:01.705 [restartedMain] INFO  o.s.b.a.w.s.WelcomePageHandlerMapping - Adding welcome page template: index
2025-05-23 06:31:02.281 [restartedMain] INFO  o.s.b.d.a.OptionalLiveReloadServer - LiveReload server is running on port 35729
2025-05-23 06:31:02.337 [restartedMain] INFO  o.s.b.w.e.tomcat.TomcatWebServer - Tomcat started on port 8080 (http) with context path '/'
2025-05-23 06:31:02.348 [restartedMain] INFO  c.m.training.TrainingApplication - Started TrainingApplication in 7.687 seconds (process running for 8.277)
2025-05-23 06:31:10.779 [http-nio-0.0.0.0-8080-exec-1] INFO  o.a.c.c.C.[Tomcat].[localhost].[/] - Initializing Spring DispatcherServlet 'dispatcherServlet'
2025-05-23 06:31:10.779 [http-nio-0.0.0.0-8080-exec-1] INFO  o.s.web.servlet.DispatcherServlet - Initializing Servlet 'dispatcherServlet'
2025-05-23 06:31:10.780 [http-nio-0.0.0.0-8080-exec-1] INFO  o.s.web.servlet.DispatcherServlet - Completed initialization in 1 ms
2025-05-23 06:31:11.736 [http-nio-0.0.0.0-8080-exec-9] INFO  o.s.api.AbstractOpenApiResource - Init duration for springdoc-openapi is: 602 ms
2025-05-23 06:31:25.578 [http-nio-0.0.0.0-8080-exec-1] WARN  o.s.w.s.m.m.a.ExceptionHandlerExceptionResolver - Resolved [org.springframework.security.authorization.AuthorizationDeniedException: Access Denied]
2025-05-23 06:31:31.306 [http-nio-0.0.0.0-8080-exec-2] INFO  c.m.t.controllers.GroupController - Получен список всех групп
2025-05-23 06:31:31.312 [http-nio-0.0.0.0-8080-exec-2] INFO  c.m.training.service.GroupService - Получен список всех групп
2025-05-23 06:31:31.353 [http-nio-0.0.0.0-8080-exec-2] INFO  c.m.training.service.GroupService - Найдено 2 групп
2025-05-23 06:31:46.513 [http-nio-0.0.0.0-8080-exec-3] INFO  c.m.t.controllers.GroupController - Получена статистика группы 03f5d596-0213-4743-8493-10eb18714411 по курсу {}
2025-05-23 06:31:46.513 [http-nio-0.0.0.0-8080-exec-3] INFO  c.m.training.service.GroupService - Получена статистика группы 03f5d596-0213-4743-8493-10eb18714411 по курсу {}
2025-05-23 06:31:46.551 [http-nio-0.0.0.0-8080-exec-3] INFO  c.m.training.service.GroupService - Расчет статистики завершен для группы 03f5d596-0213-4743-8493-10eb18714411 по курсу 19beffc7-6f71-43aa-9947-12f5a708e232
2025-05-23 06:34:18.872 [SpringApplicationShutdownHook] INFO  o.s.b.w.e.tomcat.GracefulShutdown - Commencing graceful shutdown. Waiting for active requests to complete
2025-05-23 06:34:19.025 [tomcat-shutdown] INFO  o.s.b.w.e.tomcat.GracefulShutdown - Graceful shutdown complete
2025-05-23 06:34:19.031 [SpringApplicationShutdownHook] INFO  o.s.o.j.LocalContainerEntityManagerFactoryBean - Closing JPA EntityManagerFactory for persistence unit 'default'
2025-05-23 06:34:19.034 [SpringApplicationShutdownHook] INFO  com.zaxxer.hikari.HikariDataSource - HikariPool-1 - Shutdown initiated...
2025-05-23 06:34:19.036 [SpringApplicationShutdownHook] INFO  com.zaxxer.hikari.HikariDataSource - HikariPool-1 - Shutdown completed.
2025-05-23 06:34:23.954 [restartedMain] INFO  c.m.training.TrainingApplication - Starting TrainingApplication using Java 17.0.14 with PID 26976 (D:\training\target\classes started by dolga in D:\training)
2025-05-23 06:34:23.956 [restartedMain] INFO  c.m.training.TrainingApplication - No active profile set, falling back to 1 default profile: "default"
2025-05-23 06:34:23.995 [restartedMain] INFO  o.s.b.d.e.DevToolsPropertyDefaultsPostProcessor - Devtools property defaults active! Set 'spring.devtools.add-properties' to 'false' to disable
2025-05-23 06:34:23.995 [restartedMain] INFO  o.s.b.d.e.DevToolsPropertyDefaultsPostProcessor - For additional web related logging consider setting the 'logging.level.web' property to 'DEBUG'
2025-05-23 06:34:24.825 [restartedMain] INFO  o.s.d.r.c.RepositoryConfigurationDelegate - Bootstrapping Spring Data JPA repositories in DEFAULT mode.
2025-05-23 06:34:24.912 [restartedMain] INFO  o.s.d.r.c.RepositoryConfigurationDelegate - Finished Spring Data repository scanning in 79 ms. Found 19 JPA repository interfaces.
2025-05-23 06:34:25.539 [restartedMain] INFO  o.s.b.w.e.tomcat.TomcatWebServer - Tomcat initialized with port 8080 (http)
2025-05-23 06:34:25.550 [restartedMain] INFO  o.a.catalina.core.StandardService - Starting service [Tomcat]
2025-05-23 06:34:25.550 [restartedMain] INFO  o.a.catalina.core.StandardEngine - Starting Servlet engine: [Apache Tomcat/10.1.34]
2025-05-23 06:34:25.602 [restartedMain] INFO  o.a.c.c.C.[Tomcat].[localhost].[/] - Initializing Spring embedded WebApplicationContext
2025-05-23 06:34:25.602 [restartedMain] INFO  o.s.b.w.s.c.ServletWebServerApplicationContext - Root WebApplicationContext: initialization completed in 1606 ms
2025-05-23 06:34:25.729 [restartedMain] INFO  o.h.jpa.internal.util.LogHelper - HHH000204: Processing PersistenceUnitInfo [name: default]
2025-05-23 06:34:25.778 [restartedMain] INFO  org.hibernate.Version - HHH000412: Hibernate ORM core version 6.6.5.Final
2025-05-23 06:34:25.811 [restartedMain] INFO  o.h.c.i.RegionFactoryInitiator - HHH000026: Second-level cache disabled
2025-05-23 06:34:26.053 [restartedMain] INFO  o.s.o.j.p.SpringPersistenceUnitInfo - No LoadTimeWeaver setup: ignoring JPA class transformer
2025-05-23 06:34:26.081 [restartedMain] INFO  com.zaxxer.hikari.HikariDataSource - HikariPool-1 - Starting...
2025-05-23 06:34:26.226 [restartedMain] INFO  com.zaxxer.hikari.pool.HikariPool - HikariPool-1 - Added connection org.postgresql.jdbc.PgConnection@350b4246
2025-05-23 06:34:26.228 [restartedMain] INFO  com.zaxxer.hikari.HikariDataSource - HikariPool-1 - Start completed.
2025-05-23 06:34:26.258 [restartedMain] WARN  org.hibernate.orm.deprecation - HHH90000025: PostgreSQLDialect does not need to be specified explicitly using 'hibernate.dialect' (remove the property setting and it will be selected by default)
2025-05-23 06:34:26.275 [restartedMain] INFO  o.hibernate.orm.connections.pooling - HHH10001005: Database info:
	Database JDBC URL [Connecting through datasource 'HikariDataSource (HikariPool-1)']
	Database driver: undefined/unknown
	Database version: 17.2
	Autocommit mode: undefined/unknown
	Isolation level: undefined/unknown
	Minimum pool size: undefined/unknown
	Maximum pool size: undefined/unknown
2025-05-23 06:34:27.405 [restartedMain] INFO  o.h.e.t.j.p.i.JtaPlatformInitiator - HHH000489: No JTA platform available (set 'hibernate.transaction.jta.platform' to enable JTA platform integration)
2025-05-23 06:34:28.659 [restartedMain] INFO  o.s.o.j.LocalContainerEntityManagerFactoryBean - Initialized JPA EntityManagerFactory for persistence unit 'default'
2025-05-23 06:34:29.042 [restartedMain] INFO  o.s.d.j.r.query.QueryEnhancerFactory - Hibernate is in classpath; If applicable, HQL parser will be used.
2025-05-23 06:34:29.764 [restartedMain] INFO  o.s.s.c.a.a.c.InitializeAuthenticationProviderBeanManagerConfigurer$InitializeAuthenticationProviderManagerConfigurer - Global AuthenticationManager configured with AuthenticationProvider bean with name authenticationProvider
2025-05-23 06:34:29.765 [restartedMain] WARN  o.s.s.c.a.a.c.InitializeUserDetailsBeanManagerConfigurer$InitializeUserDetailsManagerConfigurer - Global AuthenticationManager configured with an AuthenticationProvider bean. UserDetailsService beans will not be used by Spring Security for automatically configuring username/password login. Consider removing the AuthenticationProvider bean. Alternatively, consider using the UserDetailsService in a manually instantiated DaoAuthenticationProvider. If the current configuration is intentional, to turn off this warning, increase the logging level of 'org.springframework.security.config.annotation.authentication.configuration.InitializeUserDetailsBeanManagerConfigurer' to ERROR
2025-05-23 06:34:30.098 [restartedMain] INFO  o.s.b.a.w.s.WelcomePageHandlerMapping - Adding welcome page template: index
2025-05-23 06:34:30.613 [restartedMain] INFO  o.s.b.d.a.OptionalLiveReloadServer - LiveReload server is running on port 35729
2025-05-23 06:34:30.652 [restartedMain] INFO  o.s.b.w.e.tomcat.TomcatWebServer - Tomcat started on port 8080 (http) with context path '/'
2025-05-23 06:34:30.662 [restartedMain] INFO  c.m.training.TrainingApplication - Started TrainingApplication in 7.231 seconds (process running for 7.819)
